
BcnM  Copyright (C) 2017 Computational BioNanoCat Group at UAB
This program comes with ABSOLUTELY NO WARRANTY; for details type 'python bcnm.py --help'. 
This is free software, and you are welcome to redistribute it under certain conditions; type 'cat LICENSE' for details.

Running directory:  tmp/a2428e0bbd3248ff870be2f97256b28e
Running parameters
chemicalSpecies : ['Ti', 'O']
charges : [4, 2]
spaceGroupNumber : 136
basis : [[0.0, 0.0, 0.0], [0.306, 0.306, 0.0]]
cellDimension : [4.603, 4.603, 2.977, 90, 90, 90]
surfaceEnergy : [0.014, 0.044, 0.022, 0.057]
surfaces : [[1, 1, 0], [0, 1, 1], [1, 0, 0], [0, 0, 1]]
nanoparticleSize : 16
sizeRange : 4
step : 1
centering : manualShift
numberOfShifts : 2
shifts : [[0.5, 0.5, 0.0], [0.0, 0.0, 0.0]]
onlyNp0 : True

Start execution

Evaluation of running parameters on NP0
Size: 12 Shift: [0.5, 0.5, 0.0]
Size: 12 Shift: [0.0, 0.0, 0.0]
Size: 13 Shift: [0.5, 0.5, 0.0]
Size: 13 Shift: [0.0, 0.0, 0.0]
Size: 14 Shift: [0.5, 0.5, 0.0]
Size: 14 Shift: [0.0, 0.0, 0.0]
Size: 15 Shift: [0.5, 0.5, 0.0]
Size: 15 Shift: [0.0, 0.0, 0.0]
Size: 16 Shift: [0.5, 0.5, 0.0]
Size: 16 Shift: [0.0, 0.0, 0.0]
Size: 17 Shift: [0.5, 0.5, 0.0]
Size: 17 Shift: [0.0, 0.0, 0.0]
Size: 18 Shift: [0.5, 0.5, 0.0]
Size: 18 Shift: [0.0, 0.0, 0.0]
Size: 19 Shift: [0.5, 0.5, 0.0]
Size: 19 Shift: [0.0, 0.0, 0.0]

Number of evaluated NP0s:  16
Evaluated parameters: Size,Shift,Chemical Formula,Cations, Anions, Minimum coordination, Global coordination,Equivalent planes areas, Wulff-like index
Results:
[12, [0.5, 0.5, 0.0], 'O94Ti78', 78, 94, False, 564, True, True, '0.0028']
[12, [0.0, 0.0, 0.0], 'O106Ti69', 69, 106, True, 564, True, True, '0.0007']
[13, [0.5, 0.5, 0.0], 'O106Ti78', 78, 106, True, 612, True, True, '0.0028']
[13, [0.0, 0.0, 0.0], 'O106Ti87', 87, 106, False, 636, True, True, '0.0057']
[14, [0.5, 0.5, 0.0], 'O118Ti78', 78, 118, True, 636, True, True, '0.0028']
[14, [0.0, 0.0, 0.0], 'O118Ti87', 87, 118, True, 684, True, True, '0.0057']
[15, [0.5, 0.5, 0.0], 'O186Ti96', 96, 186, True, 980, True, True, '0.0080']
[15, [0.0, 0.0, 0.0], 'O192Ti87', 87, 192, True, 932, True, True, '0.0057']
[16, [0.5, 0.5, 0.0], 'O210Ti96', 96, 210, True, 1028, True, True, '0.0080']
[16, [0.0, 0.0, 0.0], 'O192Ti105', 105, 192, False, 1028, True, True, '0.0099']
[17, [0.5, 0.5, 0.0], 'O272Ti114', 114, 272, False, 1248, True, True, '0.0115']
[17, [0.0, 0.0, 0.0], 'O272Ti105', 105, 272, True, 1212, True, True, '0.0099']
[18, [0.5, 0.5, 0.0], 'O296Ti114', 114, 296, True, 1320, True, True, '0.0115']
[18, [0.0, 0.0, 0.0], 'O296Ti123', 123, 296, False, 1356, True, True, '0.0129']
[19, [0.5, 0.5, 0.0], 'O320Ti114', 114, 320, True, 1368, True, True, '0.0115']
[19, [0.0, 0.0, 0.0], 'O320Ti123', 123, 320, True, 1428, True, True, '0.0129']

Aproved NP0s: 11
[12, [0.0, 0.0, 0.0], 'O106Ti69', 69, 106, True, 564, True, True, '0.0007']
[13, [0.5, 0.5, 0.0], 'O106Ti78', 78, 106, True, 612, True, True, '0.0028']
[14, [0.5, 0.5, 0.0], 'O118Ti78', 78, 118, True, 636, True, True, '0.0028']
[14, [0.0, 0.0, 0.0], 'O118Ti87', 87, 118, True, 684, True, True, '0.0057']
[15, [0.5, 0.5, 0.0], 'O186Ti96', 96, 186, True, 980, True, True, '0.0080']
[15, [0.0, 0.0, 0.0], 'O192Ti87', 87, 192, True, 932, True, True, '0.0057']
[16, [0.5, 0.5, 0.0], 'O210Ti96', 96, 210, True, 1028, True, True, '0.0080']
[17, [0.0, 0.0, 0.0], 'O272Ti105', 105, 272, True, 1212, True, True, '0.0099']
[18, [0.5, 0.5, 0.0], 'O296Ti114', 114, 296, True, 1320, True, True, '0.0115']
[19, [0.5, 0.5, 0.0], 'O320Ti114', 114, 320, True, 1368, True, True, '0.0115']
[19, [0.0, 0.0, 0.0], 'O320Ti123', 123, 320, True, 1428, True, True, '0.0129']

Final NP0s models: 7
[16, [0.5, 0.5, 0.0], 'O210Ti96', 96, 210, True, 1028, True, True, '0.0080']
[12, [0.0, 0.0, 0.0], 'O106Ti69', 69, 106, True, 564, True, True, '0.0007']
[17, [0.0, 0.0, 0.0], 'O272Ti105', 105, 272, True, 1212, True, True, '0.0099']
[14, [0.5, 0.5, 0.0], 'O118Ti78', 78, 118, True, 636, True, True, '0.0028']
[19, [0.5, 0.5, 0.0], 'O320Ti114', 114, 320, True, 1368, True, True, '0.0115']
[15, [0.0, 0.0, 0.0], 'O192Ti87', 87, 192, True, 932, True, True, '0.0057']
[19, [0.0, 0.0, 0.0], 'O320Ti123', 123, 320, True, 1428, True, True, '0.0129']
Total time evaluation 22  s
